[NotebookApp | WARNING] No nbgrader_config.py file found (rerun with --debug to see where nbgrader is looking)
[NotebookApp | INFO] Loading the validate_assignment nbgrader serverextension
[NotebookApp | INFO] Serving notebooks from local directory: /home/sean/Programming/Online-Resource-Allocation
[NotebookApp | INFO] 0 active kernels
[NotebookApp | INFO] The Jupyter Notebook is running at:
[NotebookApp | INFO] http://localhost:8888/?token=347263431f7429217ff877b3e0c1b564c72df9b2c7b6c376
[NotebookApp | INFO] Use Control-C to stop this server and shut down all kernels (twice to skip confirmation).
[NotebookApp | CRITICAL] 
    
    Copy/paste this URL into your browser when you connect for the first time,
    to login with a token:
        http://localhost:8888/?token=347263431f7429217ff877b3e0c1b564c72df9b2c7b6c376&token=347263431f7429217ff877b3e0c1b564c72df9b2c7b6c376
[NotebookApp | INFO] Accepting one-time-token-authenticated connection from 127.0.0.1
[NotebookApp | WARNING] Notebook simulations/simple-demand-distribution/waterfilling_levels.ipynb is not trusted
[NotebookApp | INFO] Kernel started: 29004b2f-9f3b-421f-bd6f-82f02dd903dc
[NotebookApp | INFO] Adapting to protocol v5.1 for kernel 29004b2f-9f3b-421f-bd6f-82f02dd903dc
[NotebookApp | INFO] Saving file at /simulations/simple-demand-distribution/waterfilling_levels.ipynb
[NotebookApp | INFO] Saving file at /functions/food_bank_functions.py
[NotebookApp | INFO] Saving file at /functions/food_bank_functions.py
[NotebookApp | INFO] Saving file at /functions/food_bank_functions.py
[NotebookApp | INFO] Saving file at /functions/food_bank_functions.py
[NotebookApp | INFO] Saving file at /functions/food_bank_functions.py
[NotebookApp | INFO] Saving file at /functions/food_bank_functions.py
[NotebookApp | INFO] Saving file at /functions/food_bank_functions.py
[NotebookApp | INFO] Saving file at /functions/food_bank_functions.py
[NotebookApp | INFO] Saving file at /functions/food_bank_functions.py
[NotebookApp | INFO] Saving file at /functions/food_bank_functions.py
[NotebookApp | INFO] Saving file at /functions/food_bank_functions.py
[NotebookApp | INFO] Saving file at /functions/food_bank_functions.py
[NotebookApp | INFO] Saving file at /functions/food_bank_functions.py
[NotebookApp | INFO] Saving file at /functions/food_bank_functions.py
[NotebookApp | INFO] Saving file at /functions/food_bank_functions.py
[NotebookApp | INFO] Saving file at /functions/food_bank_functions.py
[NotebookApp | INFO] Saving file at /functions/food_bank_functions.py
[NotebookApp | INFO] Saving file at /functions/food_bank_functions.py
[NotebookApp | INFO] Saving file at /functions/food_bank_functions.py
[NotebookApp | INFO] Saving file at /functions/food_bank_functions.py
[NotebookApp | INFO] Saving file at /functions/food_bank_functions.py
[NotebookApp | INFO] Saving file at /functions/food_bank_functions.py
[NotebookApp | INFO] Saving file at /functions/food_bank_functions.py
[NotebookApp | INFO] Saving file at /functions/food_bank_functions.py
[NotebookApp | INFO] Saving file at /functions/food_bank_functions.py
[NotebookApp | INFO] Saving file at /functions/food_bank_functions.py
[NotebookApp | INFO] Saving file at /functions/food_bank_functions.py
[NotebookApp | INFO] Saving file at /functions/food_bank_functions.py
[NotebookApp | INFO] Saving file at /functions/food_bank_functions.py
[NotebookApp | INFO] Saving file at /functions/food_bank_functions.py
[NotebookApp | INFO] Saving file at /simulations/simple-demand-distribution/waterfilling_levels.ipynb
[NotebookApp | INFO] Saving file at /simulations/simple-demand-distribution/waterfilling_levels.ipynb
[NotebookApp | INFO] Saving file at /simulations/simple-demand-distribution/waterfilling_levels.ipynb
[NotebookApp | INFO] Saving file at /simulations/simple-demand-distribution/waterfilling_levels.ipynb
[NotebookApp | INFO] Saving file at /simulations/simple-demand-distribution/waterfilling_levels.ipynb
[NotebookApp | INFO] Saving file at /simulations/simple-demand-distribution/waterfilling_levels.ipynb
[NotebookApp | INFO] Saving file at /simulations/simple-demand-distribution/waterfilling_levels.ipynb
[NotebookApp | INFO] Saving file at /simulations/simple-demand-distribution/waterfilling_levels.ipynb
[NotebookApp | INFO] Saving file at /simulations/simple-demand-distribution/waterfilling_levels.ipynb
[NotebookApp | INFO] Saving file at /simulations/simple-demand-distribution/waterfilling_levels.ipynb
[NotebookApp | INFO] Saving file at /simulations/simple-demand-distribution/waterfilling_levels.ipynb
[NotebookApp | INFO] Saving file at /simulations/simple-demand-distribution/waterfilling_levels.ipynb
[NotebookApp | INFO] Saving file at /simulations/simple-demand-distribution/waterfilling_levels.ipynb
[NotebookApp | INFO] Saving file at /simulations/simple-demand-distribution/waterfilling_levels.ipynb
[NotebookApp | INFO] Saving file at /simulations/simple-demand-distribution/waterfilling_levels.ipynb
[NotebookApp | INFO] Saving file at /simulations/simple-demand-distribution/waterfilling_levels.ipynb
[NotebookApp | INFO] Saving file at /simulations/simple-demand-distribution/waterfilling_levels.ipynb
[NotebookApp | INFO] Saving file at /simulations/simple-demand-distribution/waterfilling_levels.ipynb
[NotebookApp | INFO] Saving file at /simulations/simple-demand-distribution/waterfilling_levels.ipynb
[NotebookApp | INFO] Saving file at /simulations/simple-demand-distribution/waterfilling_levels.ipynb
[NotebookApp | INFO] Saving file at /simulations/simple-demand-distribution/waterfilling_levels.ipynb
[NotebookApp | INFO] Saving file at /simulations/simple-demand-distribution/waterfilling_levels.ipynb
[NotebookApp | INFO] Saving file at /simulations/simple-demand-distribution/waterfilling_levels.ipynb
[NotebookApp | INFO] Saving file at /simulations/simple-demand-distribution/waterfilling_levels.ipynb
[NotebookApp | INFO] Saving file at /simulations/simple-demand-distribution/waterfilling_levels.ipynb
[NotebookApp | INFO] Saving file at /simulations/simple-demand-distribution/waterfilling_levels.ipynb
[NotebookApp | INFO] Saving file at /simulations/simple-demand-distribution/waterfilling_levels.ipynb
[NotebookApp | INFO] Starting buffering for 29004b2f-9f3b-421f-bd6f-82f02dd903dc:6abe9a838db24285b56252479529b2b6
[NotebookApp | INFO] Kernel restarted: 29004b2f-9f3b-421f-bd6f-82f02dd903dc
[NotebookApp | INFO] Adapting to protocol v5.1 for kernel 29004b2f-9f3b-421f-bd6f-82f02dd903dc
[NotebookApp | INFO] Restoring connection for 29004b2f-9f3b-421f-bd6f-82f02dd903dc:6abe9a838db24285b56252479529b2b6
[NotebookApp | INFO] Replaying 3 buffered messages
[NotebookApp | INFO] Saving file at /simulations/simple-demand-distribution/waterfilling_levels.ipynb
[NotebookApp | INFO] Saving file at /simulations/simple-demand-distribution/waterfilling_levels.ipynb
[NotebookApp | INFO] Saving file at /simulations/simple-demand-distribution/waterfilling_levels.ipynb
[NotebookApp | INFO] Saving file at /simulations/simple-demand-distribution/waterfilling_levels.ipynb
[NotebookApp | INFO] Saving file at /simulations/simple-demand-distribution/waterfilling_levels.ipynb
[NotebookApp | INFO] Saving file at /simulations/simple-demand-distribution/waterfilling_levels.ipynb
[NotebookApp | INFO] Saving file at /simulations/simple-demand-distribution/waterfilling_levels.ipynb
[NotebookApp | INFO] Saving file at /simulations/simple-demand-distribution/waterfilling_levels.ipynb
[NotebookApp | INFO] Saving file at /simulations/simple-demand-distribution/waterfilling_levels.ipynb
[NotebookApp | INFO] Saving file at /simulations/simple-demand-distribution/waterfilling_levels.ipynb
[NotebookApp | INFO] Saving file at /simulations/simple-demand-distribution/waterfilling_levels.ipynb
[NotebookApp | INFO] Saving file at /simulations/simple-demand-distribution/waterfilling_levels.ipynb
[NotebookApp | INFO] Saving file at /simulations/simple-demand-distribution/waterfilling_levels.ipynb
[NotebookApp | INFO] Saving file at /simulations/simple-demand-distribution/waterfilling_levels.ipynb
[NotebookApp | INFO] Saving file at /simulations/simple-demand-distribution/waterfilling_levels.ipynb
[NotebookApp | INFO] Saving file at /simulations/simple-demand-distribution/waterfilling_levels.ipynb
[NotebookApp | INFO] Saving file at /simulations/simple-demand-distribution/waterfilling_levels.ipynb
[NotebookApp | INFO] Saving file at /simulations/simple-demand-distribution/waterfilling_levels.ipynb
[NotebookApp | INFO] Saving file at /simulations/simple-demand-distribution/waterfilling_levels.ipynb
[NotebookApp | INFO] Saving file at /simulations/simple-demand-distribution/waterfilling_levels.ipynb
[NotebookApp | INFO] Saving file at /simulations/simple-demand-distribution/waterfilling_levels.ipynb
[NotebookApp | INFO] Saving file at /simulations/simple-demand-distribution/waterfilling_levels.ipynb
[NotebookApp | INFO] Saving file at /simulations/simple-demand-distribution/waterfilling_levels.ipynb
[NotebookApp | INFO] Saving file at /simulations/simple-demand-distribution/waterfilling_levels.ipynb
[NotebookApp | INFO] Starting buffering for 29004b2f-9f3b-421f-bd6f-82f02dd903dc:6abe9a838db24285b56252479529b2b6
[NotebookApp | INFO] Adapting to protocol v5.1 for kernel 29004b2f-9f3b-421f-bd6f-82f02dd903dc
[NotebookApp | WARNING] Notebook simulations/gaussian/waterfilling_levels.ipynb is not trusted
[NotebookApp | INFO] Kernel started: c8018d51-9999-459c-9cde-b1a4b00fff0a
[NotebookApp | INFO] Adapting to protocol v5.1 for kernel c8018d51-9999-459c-9cde-b1a4b00fff0a
[NotebookApp | WARNING] Notebook simulations/poisson/waterfilling_levels.ipynb is not trusted
[NotebookApp | INFO] Kernel started: 874cc140-9586-40af-8395-117c3e2b75a6
[NotebookApp | INFO] Adapting to protocol v5.1 for kernel 874cc140-9586-40af-8395-117c3e2b75a6
[NotebookApp | INFO] Starting buffering for 874cc140-9586-40af-8395-117c3e2b75a6:df7d059c052145308a34d44aef724c95
[NotebookApp | INFO] Kernel restarted: 874cc140-9586-40af-8395-117c3e2b75a6
[NotebookApp | INFO] Adapting to protocol v5.1 for kernel 874cc140-9586-40af-8395-117c3e2b75a6
[NotebookApp | INFO] Restoring connection for 874cc140-9586-40af-8395-117c3e2b75a6:df7d059c052145308a34d44aef724c95
[NotebookApp | INFO] Replaying 6 buffered messages
[NotebookApp | INFO] Starting buffering for c8018d51-9999-459c-9cde-b1a4b00fff0a:f21001ecdd7643eeb8018912dc879e5f
[NotebookApp | INFO] Kernel restarted: c8018d51-9999-459c-9cde-b1a4b00fff0a
[NotebookApp | INFO] Adapting to protocol v5.1 for kernel c8018d51-9999-459c-9cde-b1a4b00fff0a
[NotebookApp | INFO] Restoring connection for c8018d51-9999-459c-9cde-b1a4b00fff0a:f21001ecdd7643eeb8018912dc879e5f
[NotebookApp | INFO] Replaying 3 buffered messages
[NotebookApp | INFO] Saving file at /simulations/gaussian/waterfilling_levels.ipynb
[NotebookApp | INFO] Saving file at /simulations/poisson/waterfilling_levels.ipynb
[NotebookApp | INFO] Saving file at /simulations/poisson/waterfilling_levels.ipynb
[NotebookApp | INFO] Saving file at /simulations/poisson/waterfilling_levels.ipynb
[NotebookApp | INFO] Saving file at /simulations/poisson/waterfilling_levels.ipynb
[NotebookApp | INFO] Saving file at /simulations/poisson/waterfilling_levels.ipynb
[NotebookApp | INFO] Saving file at /simulations/poisson/waterfilling_levels.ipynb
[NotebookApp | INFO] Starting buffering for c8018d51-9999-459c-9cde-b1a4b00fff0a:f21001ecdd7643eeb8018912dc879e5f
[NotebookApp | INFO] Saving file at /simulations/poisson/waterfilling_levels.ipynb
[NotebookApp | INFO] Saving file at /simulations/poisson/waterfilling_levels.ipynb
[NotebookApp | INFO] Saving file at /simulations/poisson/waterfilling_levels.ipynb
[NotebookApp | INFO] Saving file at /simulations/poisson/waterfilling_levels.ipynb
[NotebookApp | INFO] Saving file at /simulations/simple-demand-distribution/waterfilling_levels.ipynb
[NotebookApp | INFO] Saving file at /simulations/poisson/waterfilling_levels.ipynb
[NotebookApp | INFO] Saving file at /simulations/poisson/waterfilling_levels.ipynb
[NotebookApp | INFO] Saving file at /simulations/simple-demand-distribution/waterfilling_levels.ipynb
[NotebookApp | INFO] Saving file at /simulations/poisson/waterfilling_levels.ipynb
[NotebookApp | INFO] Saving file at /simulations/poisson/waterfilling_levels.ipynb
[NotebookApp | INFO] Saving file at /simulations/simple-demand-distribution/waterfilling_levels.ipynb
[NotebookApp | INFO] Saving file at /simulations/poisson/waterfilling_levels.ipynb
[NotebookApp | INFO] Saving file at /simulations/simple-demand-distribution/waterfilling_levels.ipynb
[NotebookApp | INFO] Saving file at /simulations/poisson/waterfilling_levels.ipynb
[NotebookApp | INFO] Saving file at /simulations/simple-demand-distribution/waterfilling_levels.ipynb
[NotebookApp | INFO] Saving file at /simulations/poisson/waterfilling_levels.ipynb
[NotebookApp | INFO] Saving file at /simulations/simple-demand-distribution/waterfilling_levels.ipynb
[NotebookApp | INFO] Saving file at /simulations/simple-demand-distribution/waterfilling_levels.ipynb
[NotebookApp | INFO] Saving file at /simulations/poisson/waterfilling_levels.ipynb
[NotebookApp | INFO] Saving file at /simulations/simple-demand-distribution/waterfilling_levels.ipynb
[NotebookApp | INFO] Saving file at /simulations/poisson/waterfilling_levels.ipynb
[NotebookApp | INFO] Saving file at /simulations/simple-demand-distribution/waterfilling_levels.ipynb
[NotebookApp | INFO] Saving file at /simulations/poisson/waterfilling_levels.ipynb
[NotebookApp | INFO] Saving file at /simulations/simple-demand-distribution/waterfilling_levels.ipynb
[NotebookApp | INFO] Saving file at /simulations/poisson/waterfilling_levels.ipynb
[NotebookApp | INFO] Saving file at /simulations/simple-demand-distribution/waterfilling_levels.ipynb
[NotebookApp | INFO] Saving file at /simulations/poisson/waterfilling_levels.ipynb
[NotebookApp | INFO] Saving file at /simulations/simple-demand-distribution/waterfilling_levels.ipynb
[NotebookApp | INFO] Saving file at /simulations/poisson/waterfilling_levels.ipynb
[NotebookApp | INFO] Saving file at /simulations/simple-demand-distribution/waterfilling_levels.ipynb
[NotebookApp | INFO] Saving file at /simulations/poisson/waterfilling_levels.ipynb
[NotebookApp | INFO] Saving file at /simulations/poisson/waterfilling_levels.ipynb
[NotebookApp | INFO] Saving file at /simulations/poisson/waterfilling_levels.ipynb
[NotebookApp | INFO] Saving file at /simulations/poisson/waterfilling_levels.ipynb
[NotebookApp | INFO] Saving file at /simulations/poisson/waterfilling_levels.ipynb
[NotebookApp | INFO] Starting buffering for 29004b2f-9f3b-421f-bd6f-82f02dd903dc:94776eabaac24921a247b6d54384c81e
[NotebookApp | INFO] Starting buffering for 874cc140-9586-40af-8395-117c3e2b75a6:df7d059c052145308a34d44aef724c95
[NotebookApp | WARNING] No nbgrader_config.py file found (rerun with --debug to see where nbgrader is looking)
[NotebookApp | INFO] Loading the validate_assignment nbgrader serverextension
[NotebookApp | INFO] Serving notebooks from local directory: /home/sean/Programming/Online-Resource-Allocation
[NotebookApp | INFO] 0 active kernels
[NotebookApp | INFO] The Jupyter Notebook is running at:
[NotebookApp | INFO] http://localhost:8888/?token=fe28e1da35b66eeca4d59b4dbf96745dc78d23d90684b310
[NotebookApp | INFO] Use Control-C to stop this server and shut down all kernels (twice to skip confirmation).
[NotebookApp | CRITICAL] 
    
    Copy/paste this URL into your browser when you connect for the first time,
    to login with a token:
        http://localhost:8888/?token=fe28e1da35b66eeca4d59b4dbf96745dc78d23d90684b310&token=fe28e1da35b66eeca4d59b4dbf96745dc78d23d90684b310
[NotebookApp | INFO] Accepting one-time-token-authenticated connection from 127.0.0.1
